0 info it worked if it ends with ok
1 verbose cli [ '/home/fermuch/.nvm/versions/node/v5.10.0/bin/node',
1 verbose cli   '/home/fermuch/.nvm/versions/node/v5.10.0/bin/npm',
1 verbose cli   'run',
1 verbose cli   'prepublish' ]
2 info using npm@3.8.3
3 info using node@v5.10.0
4 verbose run-script [ 'prepublish' ]
5 info lifecycle react-compass@0.1.0~prepublish: react-compass@0.1.0
6 verbose lifecycle react-compass@0.1.0~prepublish: unsafe-perm in lifecycle true
7 verbose lifecycle react-compass@0.1.0~prepublish: PATH: /home/fermuch/.nvm/versions/node/v5.10.0/lib/node_modules/npm/bin/node-gyp-bin:/home/fermuch/Documentos/Dev/Git/react-compass/node_modules/.bin:/home/fermuch/.nvm/versions/node/v5.10.0/bin:/home/fermuch/.nvm/versions/node/v5.10.0/bin:/usr/local/bin:/usr/bin:/bin:/opt/bin:/usr/x86_64-pc-linux-gnu/gcc-bin/4.9.3:/opt/android-sdk-update-manager/tools:/opt/android-sdk-update-manager/platform-tools:/usr/lib64/subversion/bin:/usr/games/bin:/home/fermuch/.rvm/bin:/home/fermuch/.rvm/bin:/home/fermuch/.bin/:/usr/local/heroku/bin:/opt/android-sdk-update-manager/tools/:/home/fermuch/.subuser/bin/:/home/fermuch/.go/bin/:/home/fermuch/.google/google-cloud-sdk/bin/:/home/fermuch/.odrive-agent/bin/:/home/fermuch/.go
8 verbose lifecycle react-compass@0.1.0~prepublish: CWD: /home/fermuch/Documentos/Dev/Git/react-compass
9 silly lifecycle react-compass@0.1.0~prepublish: Args: [ '-c', 'npm run build' ]
10 silly lifecycle react-compass@0.1.0~prepublish: Returned: code: 1  signal: null
11 info lifecycle react-compass@0.1.0~prepublish: Failed to exec prepublish script
12 verbose stack Error: react-compass@0.1.0 prepublish: `npm run build`
12 verbose stack Exit status 1
12 verbose stack     at EventEmitter.<anonymous> (/home/fermuch/.nvm/versions/node/v5.10.0/lib/node_modules/npm/lib/utils/lifecycle.js:239:16)
12 verbose stack     at emitTwo (events.js:100:13)
12 verbose stack     at EventEmitter.emit (events.js:185:7)
12 verbose stack     at ChildProcess.<anonymous> (/home/fermuch/.nvm/versions/node/v5.10.0/lib/node_modules/npm/lib/utils/spawn.js:24:14)
12 verbose stack     at emitTwo (events.js:100:13)
12 verbose stack     at ChildProcess.emit (events.js:185:7)
12 verbose stack     at maybeClose (internal/child_process.js:850:16)
12 verbose stack     at Process.ChildProcess._handle.onexit (internal/child_process.js:215:5)
13 verbose pkgid react-compass@0.1.0
14 verbose cwd /home/fermuch/Documentos/Dev/Git/react-compass
15 error Linux 4.5.2-1
16 error argv "/home/fermuch/.nvm/versions/node/v5.10.0/bin/node" "/home/fermuch/.nvm/versions/node/v5.10.0/bin/npm" "run" "prepublish"
17 error node v5.10.0
18 error npm  v3.8.3
19 error code ELIFECYCLE
20 error react-compass@0.1.0 prepublish: `npm run build`
20 error Exit status 1
21 error Failed at the react-compass@0.1.0 prepublish script 'npm run build'.
21 error Make sure you have the latest version of node.js and npm installed.
21 error If you do, this is most likely a problem with the react-compass package,
21 error not with npm itself.
21 error Tell the author that this fails on your system:
21 error     npm run build
21 error You can get information on how to open an issue for this project with:
21 error     npm bugs react-compass
21 error Or if that isn't available, you can get their info via:
21 error     npm owner ls react-compass
21 error There is likely additional logging output above.
22 verbose exit [ 1, true ]
